<?xml version="1.0" encoding="UTF-8"?>
<!-- Generated by org.testng.reporters.JUnitReportReporter -->
<testsuite name="com.in28minutes.login.LoginServiceTest" tests="4" time="0.017" ignored="0" failures="0" timestamp="31 Oct 2017 10:58:59 GMT" skipped="0" hostname="01HW871733" errors="0">
  <testcase name="testValidateUserWithInValidPassword" time="0.010" classname="com.in28minutes.login.LoginServiceTest"/>
  <testcase name="testValidateUserWithInValidUserAndPassword" time="0.002" classname="com.in28minutes.login.LoginServiceTest"/>
  <testcase name="testValidateUserWithInValidUser" time="0.002" classname="com.in28minutes.login.LoginServiceTest"/>
  <testcase name="testValidateUserWithValidDetails" time="0.003" classname="com.in28minutes.login.LoginServiceTest"/>
</testsuite> <!-- com.in28minutes.login.LoginServiceTest -->
