<?xml version="1.0" encoding="UTF-8"?>
<!-- Generated by org.testng.reporters.JUnitReportReporter -->
<testsuite name="com.in28minutes.model.VideoTest" tests="5" time="0.006" ignored="0" failures="0" timestamp="31 Oct 2017 10:58:59 GMT" skipped="0" hostname="01HW871733" errors="0">
  <testcase name="testTargetDate" time="0.001" classname="com.in28minutes.model.VideoTest"/>
  <testcase name="testUser" time="0.002" classname="com.in28minutes.model.VideoTest"/>
  <testcase name="testisDone" time="0.001" classname="com.in28minutes.model.VideoTest"/>
  <testcase name="testDesc" time="0.001" classname="com.in28minutes.model.VideoTest"/>
  <testcase name="testId" time="0.001" classname="com.in28minutes.model.VideoTest"/>
</testsuite> <!-- com.in28minutes.model.VideoTest -->
