<?xml version="1.0" encoding="UTF-8"?>
<!-- Generated by org.testng.reporters.JUnitReportReporter -->
<testsuite name="com.in28minutes.video.VideoServiceTest" tests="6" time="0.063" ignored="0" failures="0" timestamp="31 Oct 2017 10:58:59 GMT" skipped="0" hostname="01HW871733" errors="0">
  <testcase name="testAddVideo" time="0.001" classname="com.in28minutes.video.VideoServiceTest"/>
  <testcase name="testRetrieveVideos" time="0.004" classname="com.in28minutes.video.VideoServiceTest"/>
  <testcase name="testDeleteVideo" time="0.023" classname="com.in28minutes.video.VideoServiceTest"/>
  <testcase name="testRetrieveVideoWithNoVideo" time="0.003" classname="com.in28minutes.video.VideoServiceTest"/>
  <testcase name="testRetrieveVideoWithVideo" time="0.019" classname="com.in28minutes.video.VideoServiceTest"/>
  <testcase name="testUpdateVideo" time="0.013" classname="com.in28minutes.video.VideoServiceTest"/>
</testsuite> <!-- com.in28minutes.video.VideoServiceTest -->
